<?xml version="1.0"?>
<testsuites>
  <testsuite name="firefox 68.0" timestamp="2019-07-21T16:51:44" id="0" hostname="Ms-MacBook-Pro.local" tests="1" failures="1">
    <testcase requirements="XRAY-1234" name="The login page is loaded successfully" time="0" classname="Given">
      <failure msg="testcase failed"/>
    </testcase>
  </testsuite>
  <testsuite name="firefox 68.0" timestamp="2019-07-21T16:52:48" id="0" hostname="Ms-MacBook-Pro.local" tests="1" failures="1">
    <testcase requirements="XRAY-1234" name="The login page is loaded successfully" time="0" classname="Given">
      <failure msg="testcase failed"/>
    </testcase>
  </testsuite>
</testsuites>